{"level":"info","message":"🚀 Server running on port 8000"}
{"level":"info","message":"🚀 Server running on port 8000"}
{"level":"info","message":"🚀 Server running on port 8000"}
{"level":"info","message":"🚀 Server running on port 8000"}
{"level":"info","message":"A user connected: Pr9o2eX3S-41aVRqAAAB"}
{"level":"info","message":"A user connected: aoWm3UwYJ8rXHkkqAAAB"}
{"level":"info","message":"🚀 Server running on port 8000"}
{"level":"info","message":"A user connected: _iQVBX2-f9Y_0w4wAAAB"}
{"level":"info","message":"A user connected: drd9OScyJ6lUJMjuAAAB"}
{"level":"info","message":"🚀 Server running on port 8000"}
{"level":"info","message":"🚀 Server running on port 8000"}
{"level":"info","message":"🚀 Server running on port 8000"}
{"level":"info","message":"A user connected: 1936AcvlUbNAx_YZAAAB"}
{"level":"info","message":"A user connected: _yDXlEGW-atfp4zMAAAB"}
{"level":"info","message":"🚀 Server running on port 8000"}
{"level":"info","message":"A user connected: 5E7niBnO7EbnXwd7AAAB"}
{"level":"info","message":"🚀 Server running on port 8000"}
{"level":"info","message":"🚀 Server running on port 8000"}
{"level":"info","message":"A user connected: XxoMdQw3eAYsFex7AAAB"}
{"level":"info","message":"🚀 Server running on port 8000"}
{"level":"info","message":"A user connected: g4Het4bcsQ-w_UxkAAAB"}
{"level":"info","message":"A user connected: NldebhtVmA9c8ljvAAAB"}
{"level":"info","message":"🚀 Server running on port 8000"}
{"level":"info","message":"🚀 Server running on port 8000"}
{"level":"info","message":"A user connected: sdOGQ-el-2BJEpiZAAAB"}
{"level":"info","message":"🚀 Server running on port 8000"}
{"level":"info","message":"A user connected: 7ypr5KFKqK6AJhEBAAAB"}
{"level":"info","message":"A user connected: 6AkuP6nLMF18B_YVAAAB"}
{"level":"info","message":"A user connected: nht0lOWtTs-wEyBLAAAB"}
{"level":"info","message":"🚀 Server running on port 8000"}
{"level":"info","message":"A user connected: nQWzPvODRcTn9ZAIAAAB"}
{"level":"info","message":"🚀 Server running on port 8000"}
{"level":"info","message":"🚀 Server running on port 8000"}
{"level":"info","message":"A user connected: ArSuvt_cnln4fkB_AAAB"}
{"level":"info","message":"A user connected: zH0_QCgojod3vxn_AAAB"}
{"level":"info","message":"🚀 Server running on port 8000"}
{"level":"info","message":"A user connected: xVW8S-LjrqG1PhmKAAAB"}
{"level":"info","message":"🚀 Server running on port 8000"}
{"level":"info","message":"A user connected: ElHaOY5FcD_LsVskAAAB"}
{"level":"info","message":"🚀 Server running on port 8000"}
{"level":"info","message":"🚀 Server running on port 8000"}
{"level":"info","message":"A user connected: lX1PW-b2jBmEeA0eAAAB"}
{"level":"info","message":"A user connected: wU9FbaF0OycMkYXNAAAB"}
{"level":"info","message":"🚀 Server running on port 8000"}
{"level":"info","message":"A user connected: CmqoD--gX1pwjwaaAAAB"}
{"level":"info","message":"🚀 Server running on port 8000"}
{"level":"info","message":"A user connected: w4l6njuip7MVyoepAAAB"}
{"level":"info","message":"🚀 Server running on port 8000"}
{"level":"info","message":"A user connected: hc9zv59NpNmNiPw3AAAB"}
{"level":"info","message":"🚀 Server running on port 8000"}
{"level":"info","message":"A user connected: 7dTVt0AOwMkoSKbNAAAB"}
{"level":"info","message":"🚀 Server running on port 8000"}
{"level":"info","message":"A user connected: 1bj0nYXGUWziG5lGAAAB"}
{"level":"info","message":"🚀 Server running on port 8000"}
{"level":"info","message":"A user connected: sUBpAXdXQHOcCDZ4AAAB"}
{"level":"info","message":"🚀 Server running on port 8000"}
{"level":"info","message":"A user connected: RqhXJqXJvMbuCn-DAAAB"}
{"level":"info","message":"A user connected: DJI4MVXAnrOGhyDxAAAB"}
{"level":"info","message":"🚀 Server running on port 8000"}
{"level":"info","message":"🚀 Server running on port 8000"}
{"level":"info","message":"A user connected: sC7MxBchy27e52gFAAAB"}
{"level":"info","message":"A user connected: MyF6U_cYvtriWsb_AAAB"}
{"level":"info","message":"🚀 Server running on port 8000"}
{"level":"info","message":"A user connected: WjXfqkQWjabcrY3EAAAB"}
{"level":"info","message":"🚀 Server running on port 8000"}
{"level":"info","message":"🚀 Server running on port 8000"}
{"level":"info","message":"A user connected: DjWqT5NqzJNNKHjwAAAB"}
{"level":"info","message":"A user connected: HsI1wmTAvwM2YA1DAAAB"}
{"level":"info","message":"🚀 Server running on port 8000"}
{"level":"info","message":"A user connected: 2O2W5qtfLFA8wP93AAAB"}
{"level":"info","message":"🚀 Server running on port 8000"}
{"level":"info","message":"A user connected: VQrDGq2LmZhXaum_AAAB"}
{"level":"info","message":"A user connected: Gnc-MvqiIKkjoeOoAAAB"}
{"level":"info","message":"🚀 Server running on port 8000"}
{"level":"info","message":"🚀 Server running on port 8000"}
{"level":"info","message":"A user connected: aqjONDvmKfEqCJBcAAAB"}
{"level":"info","message":"🚀 Server running on port 8000"}
{"level":"info","message":"A user connected: SMN1IfgKOxc-EJBXAAAB"}
{"level":"info","message":"A user connected: MXpNSb1wcIjEWx7IAAAB"}
{"level":"info","message":"🚀 Server running on port 8000"}
{"level":"info","message":"🚀 Server running on port 8000"}
{"level":"info","message":"A user connected: eZhGwY70hLJsTH26AAAB"}
{"level":"info","message":"🚀 Server running on port 8000"}
{"level":"info","message":"A user connected: _4dv0TT5dj-9RQmWAAAB"}
{"level":"info","message":"A user connected: pT7uhCzujHxiJ0glAAAB"}
{"level":"info","message":"🚀 Server running on port 8000"}
{"level":"info","message":"A user connected: 00eHTuz6VJLKJ7d7AAAB"}
{"level":"info","message":"🚀 Server running on port 8000"}
{"level":"info","message":"A user connected: eemWxeKRoRtEYHL3AAAB"}
{"level":"info","message":"A user connected: 8ZhX_WrH0YUcsd9PAAAB"}
{"level":"info","message":"🚀 Server running on port 8000"}
{"level":"info","message":"A user connected: vIzY6A5rTx-pNgdAAAAB"}
{"level":"info","message":"🚀 Server running on port 8000"}
{"level":"info","message":"A user connected: uA948ch-Ep6BDhjZAAAB"}
{"level":"info","message":"🚀 Server running on port 8000"}
{"level":"info","message":"A user connected: rZXmy5GH3yJL5P1DAAAB"}
{"level":"info","message":"🚀 Server running on port 8000"}
{"level":"info","message":"A user connected: o6LgJfbcwZV85cbIAAAB"}
{"level":"info","message":"🚀 Server running on port 8000"}
{"level":"info","message":"A user connected: TGm6cSyuDbX-JK9YAAAB"}
{"level":"info","message":"A user connected: XaDQHZ27_MNoZBMGAAAB"}
{"level":"info","message":"🚀 Server running on port 8000"}
{"level":"info","message":"🚀 Server running on port 8000"}
{"level":"info","message":"A user connected: tmD-9MBOQ_ZUBR2WAAAB"}
{"level":"info","message":"A user connected: HuiJtgXyoM7KNh3cAAAB"}
{"level":"info","message":"🚀 Server running on port 8000"}
{"level":"info","message":"A user connected: MvIeS7DIlo7rIDXMAAAB"}
{"level":"info","message":"🚀 Server running on port 8000"}
{"level":"info","message":"A user connected: -sD28mZBgk1XlwM2AAAB"}
{"level":"info","message":"🚀 Server running on port 8000"}
{"level":"info","message":"A user connected: dw8qTP75cxCPeW9-AAAB"}
{"level":"info","message":"🚀 Server running on port 8000"}
{"level":"info","message":"A user connected: w1NnlA52Xn06eK0gAAAB"}
{"level":"info","message":"🚀 Server running on port 8000"}
{"level":"info","message":"A user connected: LeLRNYO-AgsIK0LRAAAB"}
{"level":"info","message":"🚀 Server running on port 8000"}
{"level":"info","message":"🚀 Server running on port 8000"}
{"level":"info","message":"A user connected: Tx2HOZEm3WvxTGVtAAAB"}
{"level":"info","message":"A user connected: 0w4VNKmFgmn4dEjcAAAB"}
{"level":"info","message":"🚀 Server running on port 8000"}
{"level":"info","message":"A user connected: oo46t_JZ2x_ZiGCOAAAB"}
{"level":"info","message":"🚀 Server running on port 8000"}
{"level":"info","message":"A user connected: n6k24IscT75ABPZvAAAB"}
{"level":"info","message":"A user connected: 0Hj5jexD7EjBO2bIAAAB"}
{"level":"info","message":"🚀 Server running on port 8000"}
{"level":"info","message":"A user connected: Q0NZhB1xyE3SLUByAAAB"}
{"level":"info","message":"🚀 Server running on port 8000"}
{"level":"info","message":"A user connected: -VIqDtIszESnwE-HAAAB"}
{"level":"info","message":"🚀 Server running on port 8000"}
{"level":"info","message":"🚀 Server running on port 8000"}
{"level":"info","message":"A user connected: 2DnQqGwhB7H8nG0eAAAB"}
{"level":"info","message":"A user connected: L3JiDMfxx_Ti3UJbAAAB"}
{"level":"info","message":"A user connected: -utDtRrWe2Y21eHUAAAB"}
{"level":"info","message":"🚀 Server running on port 8000"}
{"level":"info","message":"🚀 Server running on port 8000"}
{"level":"info","message":"🚀 Server running on port 8000"}
{"level":"info","message":"A user connected: NVBwp7goAsBsS1rEAAAB"}
{"level":"info","message":"🚀 Server running on port 8000"}
{"level":"info","message":"A user connected: WH1nzpPnsnTH5qhpAAAB"}
{"level":"info","message":"A user connected: WGlRGU0IwNs1zybqAAAB"}
{"level":"info","message":"🚀 Server running on port 8000"}
{"level":"info","message":"A user connected: 4_ApiUOq8BMsa7YlAAAB"}
{"level":"info","message":"🚀 Server running on port 8000"}
{"level":"info","message":"A user connected: ir9v_ifuk6OuzVxbAAAB"}
{"level":"info","message":"🚀 Server running on port 8000"}
{"level":"info","message":"A user connected: RTvLlFrlAU2qIapdAAAB"}
{"level":"info","message":"A user connected: gxt9Y-xAHr3MCb-tAAAB"}
{"level":"info","message":"🚀 Server running on port 8000"}
{"level":"info","message":"A user connected: 3JgT-wLo-OjjVGYxAAAB"}
{"level":"info","message":"🚀 Server running on port 8000"}
{"level":"info","message":"A user connected: PLESTt-g0y4MT4_fAAAB"}
{"level":"info","message":"🚀 Server running on port 8000"}
{"level":"info","message":"A user connected: Q-HkLqZVMEqJRV9IAAAB"}
{"level":"info","message":"🚀 Server running on port 8000"}
{"level":"info","message":"A user connected: -nV1HSb2PLkHl6nkAAAB"}
{"level":"info","message":"🚀 Server running on port 8000"}
{"level":"info","message":"A user connected: GQfEDKoBHI_p3NVXAAAB"}
{"level":"info","message":"🚀 Server running on port 8000"}
{"level":"info","message":"A user connected: xLlbWzfN03330V7cAAAB"}
{"level":"info","message":"A user connected: op7Ou9tup7FJNzgOAAAB"}
{"level":"info","message":"🚀 Server running on port 8000"}
{"level":"info","message":"A user connected: h8ybwmnf_0SiVVt8AAAB"}
{"level":"info","message":"🚀 Server running on port 8000"}
{"level":"info","message":"A user connected: G_i3u2eRFITwQeiEAAAB"}
{"level":"info","message":"🚀 Server running on port 8000"}
{"level":"info","message":"A user connected: Y2rvlxGehFi0koy5AAAB"}
{"level":"info","message":"🚀 Server running on port 8000"}
{"level":"info","message":"A user connected: 3-_ne8iZcm8JC1uAAAAB"}
{"level":"info","message":"🚀 Server running on port 8000"}
{"level":"info","message":"A user connected: urEe96Xd3SGAa8LJAAAB"}
{"level":"info","message":"User disconnected: urEe96Xd3SGAa8LJAAAB"}
{"level":"info","message":"🚀 Server running on port 8000"}
{"level":"info","message":"A user connected: auLde_WICI2Nh6qXAAAD"}
{"level":"info","message":"A user connected: gsMDHaS1AO0dOek0AAAB"}
{"level":"info","message":"A user connected: Cjy2_yExyoQY0a5PAAAB"}
{"level":"info","message":"🚀 Server running on port 8000"}
{"level":"info","message":"🚀 Server running on port 8000"}
{"level":"info","message":"A user connected: dnShKvih5iGszUj3AAAB"}
{"level":"info","message":"A user connected: yBzVA-2x7ZIVJL5IAAAB"}
{"level":"info","message":"🚀 Server running on port 8000"}
{"level":"info","message":"🚀 Server running on port 8000"}
{"level":"info","message":"A user connected: aFhekp0E1Bmx1rt4AAAB"}
{"level":"info","message":"🚀 Server running on port 8000"}
{"level":"info","message":"A user connected: K_fIouu-ZylUaYcrAAAB"}
{"level":"info","message":"A user connected: c_qHZGAg0Pna8CP_AAAB"}
{"level":"info","message":"🚀 Server running on port 8000"}
{"level":"info","message":"A user connected: zWqmXZqeWTJqBL6UAAAB"}
{"level":"info","message":"🚀 Server running on port 8000"}
{"level":"info","message":"A user connected: yXjPkoc7PZu8ImcZAAAB"}
{"level":"info","message":"A user connected: GpvncBdTC6Lw6l6uAAAB"}
{"level":"info","message":"🚀 Server running on port 8000"}
{"level":"info","message":"🚀 Server running on port 8000"}
{"level":"info","message":"A user connected: gAEYPWkkx5ygcQGBAAAB"}
{"level":"info","message":"🚀 Server running on port 8000"}
{"level":"info","message":"A user connected: JBfKghrhucdTiWqZAAAB"}
{"level":"info","message":"🚀 Server running on port 8000"}
{"level":"info","message":"A user connected: ElU3EDclEezGEQ_VAAAB"}
{"level":"info","message":"🚀 Server running on port 8000"}
{"level":"info","message":"A user connected: 7VMQFpnAkmtcYzV1AAAB"}
{"level":"info","message":"🚀 Server running on port 8000"}
{"level":"info","message":"A user connected: aMtPF539oPOZm2LLAAAB"}
{"level":"info","message":"A user connected: rUri6BVxVlTAm-SUAAAB"}
{"level":"info","message":"🚀 Server running on port 8000"}
{"level":"info","message":"A user connected: z0HzBnbyc_1QUSwvAAAB"}
{"level":"info","message":"🚀 Server running on port 8000"}
{"level":"info","message":"A user connected: cJSGmbr-976SGU-1AAAB"}
{"level":"info","message":"🚀 Server running on port 8000"}
{"level":"info","message":"🚀 Server running on port 8000"}
{"level":"info","message":"A user connected: sIsxiUMVYqxP-YI9AAAB"}
{"level":"info","message":"A user connected: 6Xz07mmN4igzlZ6NAAAB"}
{"level":"info","message":"🚀 Server running on port 8000"}
{"level":"info","message":"A user connected: n8nVnk1hBDQ8aF9_AAAB"}
{"level":"info","message":"A user connected: WHqeYxCUt0Y_i6ogAAAB"}
{"level":"info","message":"🚀 Server running on port 8000"}
{"level":"info","message":"A user connected: 2j8XD8oLkqPze51CAAAB"}
{"level":"info","message":"🚀 Server running on port 8000"}
{"level":"info","message":"A user connected: ZJdJQOCJolNhvadZAAAB"}
{"level":"info","message":"🚀 Server running on port 8000"}
{"level":"info","message":"A user connected: otK4XHT6QCa7ZKC0AAAB"}
{"level":"info","message":"🚀 Server running on port 8000"}
{"level":"info","message":"A user connected: 8T8uBMfoaoOO0S_KAAAB"}
{"level":"info","message":"🚀 Server running on port 8000"}
{"level":"info","message":"🚀 Server running on port 8000"}
{"level":"info","message":"A user connected: jfOZiXwcQnNFm_iKAAAB"}
{"level":"info","message":"A user connected: X4fjMKovJU1fPnZiAAAB"}
{"level":"info","message":"🚀 Server running on port 8000"}
{"level":"info","message":"A user connected: KHqfb1jgyNQqze7JAAAB"}
{"level":"info","message":"🚀 Server running on port 8000"}
{"level":"info","message":"A user connected: 2mFp_1upeuxn8SJ1AAAB"}
{"level":"info","message":"🚀 Server running on port 8000"}
{"level":"info","message":"A user connected: 0-f40-_gfAxwlcMVAAAB"}
{"level":"info","message":"🚀 Server running on port 8000"}
{"level":"info","message":"A user connected: Pi9iT7-htsx9qeZ6AAAB"}
{"level":"info","message":"🚀 Server running on port 8000"}
{"level":"info","message":"A user connected: sdGyGMyiAPjwHyfSAAAB"}
{"level":"info","message":"🚀 Server running on port 8000"}
{"level":"info","message":"A user connected: wjiS37NgwqsbHi5IAAAB"}
{"level":"info","message":"🚀 Server running on port 8000"}
{"level":"info","message":"A user connected: nDy655VaQRcO1uOJAAAB"}
{"level":"info","message":"🚀 Server running on port 8000"}
{"level":"info","message":"A user connected: 2SBHyMyFtUs3JFHmAAAB"}
{"level":"info","message":"🚀 Server running on port 8000"}
{"level":"info","message":"A user connected: epTqTj_rm84HO6giAAAB"}
{"level":"info","message":"🚀 Server running on port 8000"}
{"level":"info","message":"A user connected: AiXvUiZOp2wXOJwoAAAB"}
{"level":"info","message":"🚀 Server running on port 8000"}
{"level":"info","message":"🚀 Server running on port 8000"}
{"level":"info","message":"A user connected: TNFGxRgnzGgI-cVAAAAB"}
{"level":"info","message":"🚀 Server running on port 8000"}
{"level":"info","message":"A user connected: 6Ii6uirxFdEjkknsAAAB"}
{"level":"info","message":"🚀 Server running on port 8000"}
{"level":"info","message":"A user connected: 7xdSvfZ2rRxkbV96AAAB"}
{"level":"info","message":"🚀 Server running on port 8000"}
{"level":"info","message":"🚀 Server running on port 8000"}
{"level":"info","message":"A user connected: FsdR1OxLi_Tjf-K_AAAB"}
{"level":"info","message":"🚀 Server running on port 8000"}
{"level":"info","message":"A user connected: AzyA20vOPDLm6U68AAAB"}
{"level":"info","message":"🚀 Server running on port 8000"}
{"level":"info","message":"A user connected: SwXYkUbgW5wNI9ZCAAAB"}
{"level":"info","message":"A user connected: ts75CB2SspL7h1FAAAAB"}
{"level":"info","message":"🚀 Server running on port 8000"}
{"level":"info","message":"🚀 Server running on port 8000"}
{"level":"info","message":"A user connected: HLvFbPKAGztq8O2nAAAB"}
{"level":"info","message":"A user connected: nvfkzLl8f-Yjhnb2AAAB"}
{"level":"info","message":"🚀 Server running on port 8000"}
{"level":"info","message":"🚀 Server running on port 8000"}
{"level":"info","message":"A user connected: AYDHZIdktXIejzbbAAAB"}
{"level":"info","message":"A user connected: sH93JMo-pwgqgfuVAAAB"}
{"level":"info","message":"🚀 Server running on port 8000"}
{"level":"info","message":"A user connected: NJX9mcOf0LMBdR5QAAAB"}
{"level":"info","message":"🚀 Server running on port 8000"}
{"level":"info","message":"🚀 Server running on port 8000"}
{"level":"info","message":"A user connected: KVL_0UsN7LtZBPigAAAB"}
{"level":"info","message":"A user connected: k08IPmSDBOQOSzwGAAAB"}
{"level":"info","message":"A user connected: cykOL3aN3aU41RpKAAAB"}
{"level":"info","message":"🚀 Server running on port 8000"}
{"level":"info","message":"🚀 Server running on port 8000"}
{"level":"info","message":"A user connected: NStMFXWieZLu3x5vAAAB"}
{"level":"info","message":"A user connected: Y3bycRZG94767os1AAAB"}
{"level":"info","message":"🚀 Server running on port 8000"}
{"level":"info","message":"🚀 Server running on port 8000"}
{"level":"info","message":"🚀 Server running on port 8000"}
{"level":"info","message":"A user connected: C9hLk7bO_McV6QUGAAAB"}
{"level":"info","message":"🚀 Server running on port 8000"}
{"level":"info","message":"A user connected: dvDk_SRl9FCtJQoPAAAB"}
{"level":"info","message":"A user connected: imuFZu0Odzfsae5eAAAB"}
{"level":"info","message":"🚀 Server running on port 8000"}
{"level":"info","message":"A user connected: 100zZ2uDHWS3SiR2AAAB"}
{"level":"info","message":"A user connected: 8p_1obw-o6_z6LFAAAAB"}
{"level":"info","message":"🚀 Server running on port 8000"}
{"level":"info","message":"A user connected: RPmniAcXJPeoXCZ6AAAB"}
{"level":"info","message":"🚀 Server running on port 8000"}
{"level":"info","message":"🚀 Server running on port 8000"}
{"level":"info","message":"A user connected: c1kGJJHg2vGzBLx_AAAB"}
{"level":"info","message":"A user connected: SBgMH6VmvXzQPO1wAAAB"}
{"level":"info","message":"🚀 Server running on port 8000"}
{"level":"info","message":"🚀 Server running on port 8000"}
{"level":"info","message":"A user connected: GcSXLy5d11Cl67dnAAAB"}
{"level":"info","message":"🚀 Server running on port 8000"}
{"level":"info","message":"A user connected: rOczM5VKgIOPgMIlAAAB"}
{"level":"info","message":"🚀 Server running on port 8000"}
{"level":"info","message":"A user connected: uMbXZBi3KyB3kVsfAAAB"}
{"level":"info","message":"🚀 Server running on port 8000"}
{"level":"info","message":"A user connected: 82OW4FQgmHR4mfmNAAAB"}
{"level":"info","message":"A user connected: DwFigb0FKix8Ye8rAAAB"}
{"level":"info","message":"🚀 Server running on port 8000"}
{"level":"info","message":"🚀 Server running on port 8000"}
{"level":"info","message":"A user connected: hG6dTngMosi2qBusAAAB"}
{"level":"info","message":"🚀 Server running on port 8000"}
{"level":"info","message":"A user connected: z-63siHiNyBGrR9EAAAB"}
{"level":"info","message":"A user connected: jzmbxHBI203_4x_dAAAB"}
{"level":"info","message":"🚀 Server running on port 8000"}
{"level":"info","message":"A user connected: FRpCXd99P7hYDaHoAAAB"}
{"level":"info","message":"A user connected: iustCY-__-Q4cf69AAAB"}
{"level":"info","message":"🚀 Server running on port 8000"}
{"level":"info","message":"A user connected: QxoYXyn3y4sFi2wTAAAB"}
{"level":"info","message":"A user connected: 4OI70HxTflMNFqZLAAAB"}
{"level":"info","message":"🚀 Server running on port 8000"}
{"level":"info","message":"A user connected: Ukr_MpSB4_GHw_B4AAAB"}
{"level":"info","message":"🚀 Server running on port 8000"}
{"level":"info","message":"A user connected: r93ZNGHw6gsDlKR_AAAB"}
{"level":"info","message":"🚀 Server running on port 8000"}
{"level":"info","message":"A user connected: 4Lvk5IdhqMaKYMS_AAAB"}
{"level":"info","message":"🚀 Server running on port 8000"}
{"level":"info","message":"🚀 Server running on port 8000"}
{"level":"info","message":"A user connected: pc0iI1CGhYeWZzn-AAAB"}
{"level":"info","message":"🚀 Server running on port 8000"}
{"level":"info","message":"A user connected: miuyASPWETjRpKLMAAAB"}
{"level":"info","message":"🚀 Server running on port 8000"}
{"level":"info","message":"A user connected: CSnY7pgLZptAug-bAAAB"}
{"level":"info","message":"A user connected: HF5bzlLctaR0jpoqAAAB"}
{"level":"info","message":"🚀 Server running on port 8000"}
{"level":"info","message":"A user connected: eBYUJ66IqCaSKHj_AAAB"}
{"level":"info","message":"🚀 Server running on port 8000"}
{"level":"info","message":"A user connected: Q1-u_YeWKSiBEv_0AAAB"}
{"level":"info","message":"🚀 Server running on port 8000"}
{"level":"info","message":"A user connected: oPI2Q1HIOqymiQcqAAAB"}
{"level":"info","message":"🚀 Server running on port 8000"}
{"level":"info","message":"A user connected: 8mdajXtW30HLr8y9AAAB"}
{"level":"info","message":"A user connected: E3XUBqyNWv_jCEmoAAAB"}
{"level":"info","message":"🚀 Server running on port 8000"}
{"level":"info","message":"A user connected: xgO5M1CRhD752JyQAAAB"}
{"level":"info","message":"🚀 Server running on port 8000"}
{"level":"info","message":"A user connected: h2fduW1HtBmC0VHDAAAB"}
{"level":"info","message":"🚀 Server running on port 8000"}
{"level":"info","message":"A user connected: SrqLczhYcm6ZIOlQAAAB"}
{"level":"info","message":"🚀 Server running on port 8000"}
{"level":"info","message":"🚀 Server running on port 8000"}
{"level":"info","message":"A user connected: _qLuFaGfpKkojsg1AAAB"}
{"level":"info","message":"A user connected: 7x6bBANlqxbPMuVyAAAB"}
{"level":"info","message":"A user connected: mC9z7-SPndR0lIvcAAAB"}
{"level":"info","message":"🚀 Server running on port 8000"}
{"level":"info","message":"A user connected: 8ERGcG6E6pg3x6HDAAAB"}
{"level":"info","message":"🚀 Server running on port 8000"}
{"level":"info","message":"A user connected: uD4uhtV0lUXW8ufCAAAB"}
{"level":"info","message":"🚀 Server running on port 8000"}
{"level":"info","message":"🚀 Server running on port 8000"}
{"level":"info","message":"A user connected: 4pjcarIVzvFkHw5oAAAB"}
{"level":"info","message":"A user connected: U7Ioyve9Q-judP2cAAAB"}
{"level":"info","message":"🚀 Server running on port 8000"}
{"level":"info","message":"A user connected: 5eHMlBDIO-G1EUetAAAB"}
{"level":"info","message":"🚀 Server running on port 8000"}
{"level":"info","message":"🚀 Server running on port 8000"}
{"level":"info","message":"A user connected: 8KvtA6cAl6ecxc2FAAAB"}
{"level":"info","message":"🚀 Server running on port 8000"}
{"level":"info","message":"A user connected: vNB24TJ1C5S0ODZAAAAB"}
{"level":"info","message":"🚀 Server running on port 8000"}
{"level":"info","message":"🚀 Server running on port 8000"}
{"level":"info","message":"A user connected: OCeBGe6ceZRJjLf7AAAB"}
{"level":"info","message":"🚀 Server running on port 8000"}
{"level":"info","message":"A user connected: lb_yPxx1lWMZfSWtAAAB"}
{"level":"info","message":"🚀 Server running on port 8000"}
{"level":"info","message":"A user connected: sRb0DbQsPSr0JnBOAAAB"}
{"level":"info","message":"🚀 Server running on port 8000"}
{"level":"info","message":"A user connected: qSrvbHq5WbVrj4GVAAAB"}
{"level":"info","message":"A user connected: 3xbzLVdEQXgwgN-bAAAB"}
{"level":"info","message":"🚀 Server running on port 8000"}
{"level":"info","message":"A user connected: A3AV_9iLT9SePYU3AAAB"}
{"level":"info","message":"🚀 Server running on port 8000"}
{"level":"info","message":"A user connected: 1JgFRM3cvoYgW8b4AAAB"}
{"level":"info","message":"🚀 Server running on port 8000"}
{"level":"info","message":"🚀 Server running on port 8000"}
{"level":"info","message":"A user connected: Cv2P1lKCcRKAnklyAAAB"}
{"level":"info","message":"A user connected: G2xim9ZPnDEIIPHlAAAB"}
{"level":"info","message":"A user connected: K0f99CJBtVh-ZsjXAAAB"}
{"level":"info","message":"🚀 Server running on port 8000"}
{"level":"info","message":"A user connected: pEMPi_oNmhQE_YMkAAAB"}
{"level":"info","message":"🚀 Server running on port 8000"}
{"level":"info","message":"🚀 Server running on port 8000"}
{"level":"info","message":"A user connected: uy0B44ELY3HlkPCyAAAB"}
{"level":"info","message":"A user connected: wzpcD8B5pjvz4P5HAAAB"}
{"level":"info","message":"🚀 Server running on port 8000"}
{"level":"info","message":"A user connected: 9--3nQSz7GngXnECAAAB"}
{"level":"info","message":"🚀 Server running on port 8000"}
{"level":"info","message":"A user connected: YE-39gMHuzx_I8AcAAAB"}
{"level":"info","message":"🚀 Server running on port 8000"}
{"level":"info","message":"🚀 Server running on port 8000"}
{"level":"info","message":"A user connected: IBh0W5SbPHDhxKGrAAAB"}
{"level":"info","message":"🚀 Server running on port 8000"}
{"level":"info","message":"A user connected: 8riSztu7QzcUVDN3AAAB"}
{"level":"info","message":"A user connected: Gl9Tlpt25OItqhHeAAAB"}
{"level":"info","message":"🚀 Server running on port 8000"}
{"level":"info","message":"A user connected: oMqcFppkhXDsvak7AAAB"}
{"level":"info","message":"🚀 Server running on port 8000"}
{"level":"info","message":"🚀 Server running on port 8000"}
{"level":"info","message":"A user connected: qLI4jxOAeBWKP8dbAAAB"}
{"level":"info","message":"A user connected: xiEKyqfTpbh_060nAAAB"}
{"level":"info","message":"🚀 Server running on port 8000"}
{"level":"info","message":"A user connected: u33sw70yC6AJk8ooAAAB"}
{"level":"info","message":"🚀 Server running on port 8000"}
{"level":"info","message":"🚀 Server running on port 8000"}
{"level":"info","message":"A user connected: Klmhk51n-zikntVUAAAB"}
{"level":"info","message":"A user connected: Y5z0TaQWnbxRRpedAAAB"}
{"level":"info","message":"🚀 Server running on port 8000"}
{"level":"info","message":"A user connected: nuppAnOlhWoiRT60AAAB"}
{"level":"info","message":"🚀 Server running on port 8000"}
{"level":"info","message":"🚀 Server running on port 8000"}
{"level":"info","message":"🚀 Server running on port 8000"}
{"level":"info","message":"A user connected: BuQeZnzyzBYDhVVOAAAB"}
{"level":"info","message":"User disconnected: BuQeZnzyzBYDhVVOAAAB"}
{"level":"info","message":"A user connected: JrHhnoPrsLTsErzGAAAD"}
{"level":"info","message":"A user connected: 3yNyF9-TJcv3URBJAAAF"}
{"level":"info","message":"User disconnected: JrHhnoPrsLTsErzGAAAD"}
{"level":"info","message":"🚀 Server running on port 8000"}
{"level":"info","message":"A user connected: WzM5kyD5m_Gl67y0AAAB"}
{"level":"info","message":"🚀 Server running on port 8000"}
{"level":"info","message":"A user connected: AXa567vEwTcxkefxAAAB"}
{"level":"info","message":"🚀 Server running on port 8000"}
{"level":"info","message":"A user connected: Qkry_pNsmybboka_AAAB"}
{"level":"info","message":"🚀 Server running on port 8000"}
{"level":"info","message":"A user connected: DnWV3JjkK2TBSQliAAAB"}
{"level":"info","message":"🚀 Server running on port 8000"}
{"level":"info","message":"🚀 Server running on port 8000"}
{"level":"info","message":"🚀 Server running on port 8000"}
{"level":"info","message":"A user connected: C2BV20IATW45FoJWAAAB"}
{"level":"info","message":"🚀 Server running on port 8000"}
{"level":"info","message":"A user connected: Sn2jGBZoTFzpp8abAAAB"}
{"level":"info","message":"A user connected: OkCBgfQhJ6wwKCX0AAAB"}
{"level":"info","message":"🚀 Server running on port 8000"}
{"level":"info","message":"🚀 Server running on port 8000"}
{"level":"info","message":"A user connected: mkwwwfBgICipDVhMAAAB"}
{"level":"info","message":"A user connected: oBujzHEhKvMoEo7tAAAB"}
{"level":"info","message":"🚀 Server running on port 8000"}
{"level":"info","message":"🚀 Server running on port 8000"}
{"level":"info","message":"A user connected: ToZHJ6ZzCRGS7xnhAAAB"}
{"level":"info","message":"A user connected: gTLuYq1pw7NCwUylAAAB"}
{"level":"info","message":"🚀 Server running on port 8000"}
{"level":"info","message":"A user connected: jBOlXvCYviX-c0uHAAAB"}
{"level":"info","message":"🚀 Server running on port 8000"}
{"level":"info","message":"A user connected: 0DrezGzikKj-3EnUAAAB"}
{"level":"info","message":"🚀 Server running on port 8000"}
{"level":"info","message":"A user connected: uJ6dje9SeFWiMo0RAAAB"}
{"level":"info","message":"🚀 Server running on port 8000"}
{"level":"info","message":"User disconnected: uJ6dje9SeFWiMo0RAAAB"}
{"level":"info","message":"A user connected: elDehwudo7s-o665AAAD"}
{"level":"info","message":"🚀 Server running on port 8000"}
{"level":"info","message":"A user connected: vaQHcP5Bmxql87gqAAAB"}
{"level":"info","message":"A user connected: jRRWly6fEXoklEh4AAAB"}
{"level":"info","message":"🚀 Server running on port 8000"}
{"level":"info","message":"A user connected: u7khmqGbOlLhIQbwAAAB"}
{"level":"info","message":"🚀 Server running on port 8000"}
{"level":"info","message":"🚀 Server running on port 8000"}
{"level":"info","message":"A user connected: NAhewgNugft2WMpmAAAB"}
{"level":"info","message":"🚀 Server running on port 8000"}
{"level":"info","message":"A user connected: LZZiY9j4e4e5XWfVAAAB"}
{"level":"info","message":"A user connected: 31dFmNYXMmJaKAqGAAAB"}
{"level":"info","message":"🚀 Server running on port 8000"}
{"level":"info","message":"A user connected: ADJdPIqJf069oTCaAAAB"}
{"level":"info","message":"🚀 Server running on port 8000"}
{"level":"info","message":"🚀 Server running on port 8000"}
{"level":"info","message":"A user connected: VeA8JfTJqVrZ9Am1AAAB"}
{"level":"info","message":"🚀 Server running on port 8000"}
{"level":"info","message":"🚀 Server running on port 8000"}
{"level":"info","message":"A user connected: YV2DPdorwfj9i_eOAAAB"}
{"level":"info","message":"🚀 Server running on port 8000"}
{"level":"info","message":"A user connected: TNZNsTLVKVYFWyUHAAAB"}
{"level":"info","message":"🚀 Server running on port 8000"}
{"level":"info","message":"A user connected: pVGR2MK9GBYWAQCuAAAB"}
{"level":"info","message":"🚀 Server running on port 8000"}
{"level":"info","message":"A user connected: 6gfBvHjceAzc5bm7AAAB"}
{"level":"info","message":"A user connected: T8Nx92WalcMPGyMwAAAB"}
{"level":"info","message":"🚀 Server running on port 8000"}
{"level":"info","message":"A user connected: 0TOnWPxlyH6AmPgJAAAB"}
{"level":"info","message":"🚀 Server running on port 8000"}
{"level":"info","message":"A user connected: q8FRE3s0xzsxC8QzAAAB"}
{"level":"info","message":"🚀 Server running on port 8000"}
{"level":"info","message":"A user connected: wMtP4Oo29mj6dazpAAAB"}
{"level":"info","message":"🚀 Server running on port 8000"}
{"level":"info","message":"🚀 Server running on port 8000"}
{"level":"info","message":"A user connected: hb1oFx5Qz5xVMZwcAAAB"}
{"level":"info","message":"🚀 Server running on port 8000"}
{"level":"info","message":"A user connected: g1ZtisYT4pAYYs57AAAB"}
{"level":"info","message":"A user connected: w77hmWOeU08Egh7OAAAB"}
{"level":"info","message":"🚀 Server running on port 8000"}
{"level":"info","message":"A user connected: 2u_6h4PAeBEzXj2TAAAB"}
{"level":"info","message":"🚀 Server running on port 8000"}
{"level":"info","message":"A user connected: _BDy2WScxxkoDwZxAAAB"}
{"level":"info","message":"🚀 Server running on port 8000"}
{"level":"info","message":"A user connected: ptKSCpPuB0ek3EmAAAAB"}
{"level":"info","message":"🚀 Server running on port 8000"}
{"level":"info","message":"A user connected: moXWPjj0dqeDX9C5AAAB"}
{"level":"info","message":"🚀 Server running on port 8000"}
{"level":"info","message":"A user connected: XcBWokncAlsICJSeAAAB"}
{"level":"info","message":"🚀 Server running on port 8000"}
{"level":"info","message":"A user connected: oKIpY1rXuZQF1QnuAAAB"}
{"level":"info","message":"🚀 Server running on port 8000"}
{"level":"info","message":"User disconnected: oKIpY1rXuZQF1QnuAAAB"}
{"level":"info","message":"A user connected: wif_SZY_RVvROLwGAAAD"}
{"level":"info","message":"A user connected: 7Jh--kGUCrWx5FOVAAAB"}
{"level":"info","message":"🚀 Server running on port 8000"}
{"level":"info","message":"A user connected: w9nXuU0FvqJvYjUcAAAB"}
{"level":"info","message":"🚀 Server running on port 8000"}
{"level":"info","message":"A user connected: AgmA6dqaCnO9igFuAAAB"}
{"level":"info","message":"🚀 Server running on port 8000"}
{"level":"info","message":"A user connected: DOk1I8J-zQ38TQfIAAAB"}
{"level":"info","message":"🚀 Server running on port 8000"}
{"level":"info","message":"A user connected: _cLme6m1d5PGRBKDAAAB"}
{"level":"info","message":"A user connected: IYTGABbOOkBmASUxAAAB"}
{"level":"info","message":"🚀 Server running on port 8000"}
{"level":"info","message":"A user connected: 9ssdnkX1Jv9vHPCTAAAB"}
{"level":"info","message":"🚀 Server running on port 8000"}
{"level":"info","message":"A user connected: ECpkelaHZecVXtddAAAB"}
{"level":"info","message":"🚀 Server running on port 8000"}
{"level":"info","message":"🚀 Server running on port 8000"}
{"level":"info","message":"A user connected: ToIrQEctX6B0FnbTAAAB"}
{"level":"info","message":"🚀 Server running on port 8000"}
{"level":"info","message":"A user connected: G6GD9kOgA696rfLJAAAB"}
{"level":"info","message":"🚀 Server running on port 8000"}
{"level":"info","message":"User disconnected: G6GD9kOgA696rfLJAAAB"}
{"level":"info","message":"A user connected: UXDBSWJtkYFLcK-MAAAD"}
{"level":"info","message":"A user connected: 4MIRTe8rdvE2QErvAAAB"}
{"level":"info","message":"🚀 Server running on port 8000"}
{"level":"info","message":"A user connected: NKw1USts-rJp4PRFAAAB"}
{"level":"info","message":"🚀 Server running on port 8000"}
{"level":"info","message":"A user connected: sidJIQonFvkgjTW-AAAB"}
{"level":"info","message":"🚀 Server running on port 8000"}
{"level":"info","message":"User disconnected: sidJIQonFvkgjTW-AAAB"}
{"level":"info","message":"A user connected: zypt4O9WcbVv00dRAAAD"}
{"level":"info","message":"A user connected: dkU-cYUdMJr5c6OmAAAB"}
{"level":"info","message":"🚀 Server running on port 8000"}
{"level":"info","message":"🚀 Server running on port 8000"}
{"level":"info","message":"A user connected: jadZ_YPDG6Vuz9W_AAAB"}
{"level":"info","message":"A user connected: izG6Y1UP1pn6I-JyAAAB"}
{"level":"info","message":"🚀 Server running on port 8000"}
{"level":"info","message":"User disconnected: izG6Y1UP1pn6I-JyAAAB"}
{"level":"info","message":"A user connected: zQStBpeZflvcjnCqAAAD"}
{"level":"info","message":"A user connected: DU7HeiwwDgxp6IKIAAAB"}
{"level":"info","message":"🚀 Server running on port 8000"}
{"level":"info","message":"A user connected: TaphJdwtVsHIC1YfAAAB"}
{"level":"info","message":"🚀 Server running on port 8000"}
{"level":"info","message":"A user connected: h8DJyopsEpN-9KBXAAAB"}
{"level":"info","message":"🚀 Server running on port 8000"}
{"level":"info","message":"A user connected: QHVEaSklCUydPxbVAAAB"}
{"level":"info","message":"🚀 Server running on port 8000"}
{"level":"info","message":"User disconnected: QHVEaSklCUydPxbVAAAB"}
{"level":"info","message":"A user connected: uZvKOj1YMarq84g_AAAD"}
{"level":"info","message":"A user connected: cGG9cd3FOFQhmIk-AAAB"}
{"level":"info","message":"🚀 Server running on port 8000"}
{"level":"info","message":"A user connected: X-BXjoieMZGzbnR9AAAB"}
{"level":"info","message":"🚀 Server running on port 8000"}
{"level":"info","message":"A user connected: _shvWo5lc--TdnlnAAAB"}
{"level":"info","message":"🚀 Server running on port 8000"}
{"level":"info","message":"A user connected: RgtSFbU0N8bGqJoYAAAB"}
{"level":"info","message":"🚀 Server running on port 8000"}
{"level":"info","message":"A user connected: AmEEVSFYY65zu-ZwAAAB"}
{"level":"info","message":"🚀 Server running on port 8000"}
{"level":"info","message":"A user connected: QBiFTjpW736OZzI2AAAB"}
{"level":"info","message":"🚀 Server running on port 8000"}
{"level":"info","message":"A user connected: 9heaxHVmPHEaTjsUAAAB"}
{"level":"info","message":"🚀 Server running on port 8000"}
{"level":"info","message":"A user connected: QsvVGBlgV7e0tTFLAAAB"}
{"level":"info","message":"A user connected: hD4oGdEJZpHj_aHQAAAB"}
{"level":"info","message":"🚀 Server running on port 8000"}
{"level":"info","message":"A user connected: yldy55w6CYfkLipUAAAB"}
{"level":"info","message":"🚀 Server running on port 8000"}
{"level":"info","message":"A user connected: A_BsF1xJz9bsMN4RAAAB"}
{"level":"info","message":"🚀 Server running on port 8000"}
{"level":"info","message":"A user connected: ONgcmYkRY-vG_T_VAAAB"}
{"level":"info","message":"🚀 Server running on port 8000"}
{"level":"info","message":"A user connected: 8nrEMowk_7XGEJ9IAAAB"}
{"level":"info","message":"🚀 Server running on port 8000"}
{"level":"info","message":"🚀 Server running on port 8000"}
{"level":"info","message":"A user connected: E_JuTGwjWlx8mgIaAAAB"}
{"level":"info","message":"A user connected: W-w0yulIxUbLyVqhAAAB"}
{"level":"info","message":"🚀 Server running on port 8000"}
{"level":"info","message":"A user connected: 6svmskKPqlLVg_3CAAAB"}
{"level":"info","message":"🚀 Server running on port 8000"}
{"level":"info","message":"🚀 Server running on port 8000"}
{"level":"info","message":"🚀 Server running on port 8000"}
